<?xml version="1.0" encoding="UTF-8"?>
<testsuite xmlns:xsi="http://www.w3.org/2001/XMLSchema-instance" xsi:noNamespaceSchemaLocation="https://maven.apache.org/surefire/maven-surefire-plugin/xsd/surefire-test-report-3.0.xsd" version="3.0" name="sytnikov.dev.inventory_microservice.InventoryMicroserviceApplicationTests" time="2.785" tests="1" errors="0" skipped="0" failures="0">
  <properties>
[...]
</properties>
  <testcase name="contextLoads" classname="sytnikov.dev.inventory_microservice.InventoryMicroserviceApplicationTests" time="0.301">
    <system-out><![CDATA[18:22:01.665 [main] INFO org.springframework.test.context.support.AnnotationConfigContextLoaderUtils -- Could not detect default configuration classes for test class [sytnikov.dev.inventory_microservice.InventoryMicroserviceApplicationTests]: InventoryMicroserviceApplicationTests does not declare any static, non-private, non-final, nested classes annotated with @Configuration.
18:22:01.713 [main] INFO org.springframework.boot.test.context.SpringBootTestContextBootstrapper -- Found @SpringBootConfiguration sytnikov.dev.inventory_microservice.InventoryMicroserviceApplication for test class sytnikov.dev.inventory_microservice.InventoryMicroserviceApplicationTests
18:22:01.797 [main] INFO org.springframework.boot.devtools.restart.RestartApplicationListener -- Restart disabled due to context in which it is running

  .   ____          _            __ _ _
 /\\ / ___'_ __ _ _(_)_ __  __ _ \ \ \ \
( ( )\___ | '_ | '_| | '_ \/ _` | \ \ \ \
 \\/  ___)| |_)| | | | | || (_| |  ) ) ) )
  '  |____| .__|_| |_|_| |_\__, | / / / /
 =========|_|==============|___/=/_/_/_/

 :: Spring Boot ::                (v3.3.1)

2024-07-15T18:22:01.937+03:00  INFO 27839 --- [inventory-microservice] [           main] .i.InventoryMicroserviceApplicationTests : Starting InventoryMicroserviceApplicationTests using Java 22.0.1 with PID 27839 (started by sytnikov in /Users/sytnikov/Documents/dev/fs17_java_inventory_service)
2024-07-15T18:22:01.938+03:00  INFO 27839 --- [inventory-microservice] [           main] .i.InventoryMicroserviceApplicationTests : No active profile set, falling back to 1 default profile: "default"
2024-07-15T18:22:01.965+03:00 DEBUG 27839 --- [inventory-microservice] [           main] o.s.w.c.s.GenericWebApplicationContext   : Refreshing org.springframework.web.context.support.GenericWebApplicationContext@3174cb09
2024-07-15T18:22:02.408+03:00  INFO 27839 --- [inventory-microservice] [           main] .s.d.r.c.RepositoryConfigurationDelegate : Bootstrapping Spring Data JPA repositories in DEFAULT mode.
2024-07-15T18:22:02.448+03:00  INFO 27839 --- [inventory-microservice] [           main] .s.d.r.c.RepositoryConfigurationDelegate : Finished Spring Data repository scanning in 36 ms. Found 4 JPA repository interfaces.
2024-07-15T18:22:02.702+03:00  INFO 27839 --- [inventory-microservice] [           main] o.hibernate.jpa.internal.util.LogHelper  : HHH000204: Processing PersistenceUnitInfo [name: default]
2024-07-15T18:22:02.737+03:00  INFO 27839 --- [inventory-microservice] [           main] org.hibernate.Version                    : HHH000412: Hibernate ORM core version 6.5.2.Final
2024-07-15T18:22:02.753+03:00  INFO 27839 --- [inventory-microservice] [           main] o.h.c.internal.RegionFactoryInitiator    : HHH000026: Second-level cache disabled
2024-07-15T18:22:02.905+03:00  INFO 27839 --- [inventory-microservice] [           main] o.s.o.j.p.SpringPersistenceUnitInfo      : No LoadTimeWeaver setup: ignoring JPA class transformer
2024-07-15T18:22:02.917+03:00  INFO 27839 --- [inventory-microservice] [           main] com.zaxxer.hikari.HikariDataSource       : HikariPool-1 - Starting...
2024-07-15T18:22:02.968+03:00  INFO 27839 --- [inventory-microservice] [           main] com.zaxxer.hikari.pool.HikariPool        : HikariPool-1 - Added connection org.postgresql.jdbc.PgConnection@12cd129c
2024-07-15T18:22:02.969+03:00  INFO 27839 --- [inventory-microservice] [           main] com.zaxxer.hikari.HikariDataSource       : HikariPool-1 - Start completed.
2024-07-15T18:22:02.993+03:00  WARN 27839 --- [inventory-microservice] [           main] org.hibernate.orm.deprecation            : HHH90000025: PostgreSQLDialect does not need to be specified explicitly using 'hibernate.dialect' (remove the property setting and it will be selected by default)
2024-07-15T18:22:03.453+03:00  INFO 27839 --- [inventory-microservice] [           main] o.h.e.t.j.p.i.JtaPlatformInitiator       : HHH000489: No JTA platform available (set 'hibernate.transaction.jta.platform' to enable JTA platform integration)
Hibernate: 
    alter table if exists stock 
       alter column product_barcode set data type VARCHAR(100)
Hibernate: 
    alter table if exists supplier 
       alter column contact_person set data type VARCHAR(100)
Hibernate: 
    alter table if exists supplier 
       alter column email set data type VARCHAR(100)
Hibernate: 
    alter table if exists supplier 
       alter column name set data type VARCHAR(100)
2024-07-15T18:22:03.575+03:00  INFO 27839 --- [inventory-microservice] [           main] j.LocalContainerEntityManagerFactoryBean : Initialized JPA EntityManagerFactory for persistence unit 'default'
2024-07-15T18:22:03.873+03:00  WARN 27839 --- [inventory-microservice] [           main] JpaBaseConfiguration$JpaWebConfiguration : spring.jpa.open-in-view is enabled by default. Therefore, database queries may be performed during view rendering. Explicitly configure spring.jpa.open-in-view to disable this warning
2024-07-15T18:22:03.916+03:00 DEBUG 27839 --- [inventory-microservice] [           main] s.w.s.m.m.a.RequestMappingHandlerMapping : 7 mappings in 'requestMappingHandlerMapping'
2024-07-15T18:22:03.968+03:00 DEBUG 27839 --- [inventory-microservice] [           main] o.s.w.s.handler.SimpleUrlHandlerMapping  : Patterns [/webjars/**, /**] in 'resourceHandlerMapping'
2024-07-15T18:22:03.983+03:00 DEBUG 27839 --- [inventory-microservice] [           main] s.w.s.m.m.a.RequestMappingHandlerAdapter : ControllerAdvice beans: 0 @ModelAttribute, 0 @InitBinder, 1 RequestBodyAdvice, 1 ResponseBodyAdvice
2024-07-15T18:22:03.997+03:00 DEBUG 27839 --- [inventory-microservice] [           main] .m.m.a.ExceptionHandlerExceptionResolver : ControllerAdvice beans: 1 @ExceptionHandler, 1 ResponseBodyAdvice
2024-07-15T18:22:04.048+03:00  INFO 27839 --- [inventory-microservice] [           main] .i.InventoryMicroserviceApplicationTests : Started InventoryMicroserviceApplicationTests in 2.262 seconds (process running for 2.724)
]]></system-out>
    <system-err><![CDATA[WARNING: A Java agent has been loaded dynamically (/Users/sytnikov/.m2/repository/net/bytebuddy/byte-buddy-agent/1.14.17/byte-buddy-agent-1.14.17.jar)
WARNING: If a serviceability tool is in use, please run with -XX:+EnableDynamicAgentLoading to hide this warning
WARNING: If a serviceability tool is not in use, please run with -Djdk.instrument.traceUsage for more information
WARNING: Dynamic loading of agents will be disallowed by default in a future release
]]></system-err>
  </testcase>
</testsuite>